<?xml version="1.0" encoding="UTF-8"?>
<testng-results skipped="0" failed="0" total="4" passed="4">
  <reporter-output>
  </reporter-output>
  <suite name="Login suite" duration-ms="75027" started-at="2020-09-29T06:07:01Z" finished-at="2020-09-29T06:08:16Z">
    <groups>
    </groups>
    <test name="Correct_Password" duration-ms="25360" started-at="2020-09-29T06:07:01Z" finished-at="2020-09-29T06:07:27Z">
      <class name="Login_Parameter_xml.Correct_Password">
        <test-method status="PASS" signature="login_Correct_Password(java.lang.String, java.lang.String)[pri:0, instance:Login_Parameter_xml.Correct_Password@282ba1e]" name="login_Correct_Password" duration-ms="25337" started-at="2020-09-29T11:37:01Z" finished-at="2020-09-29T11:37:27Z">
          <params>
            <param index="0">
              <value>
                <![CDATA[abc]]>
              </value>
            </param>
            <param index="1">
              <value>
                <![CDATA[admin123]]>
              </value>
            </param>
          </params>
          <reporter-output>
          </reporter-output>
        </test-method> <!-- login_Correct_Password -->
      </class> <!-- Login_Parameter_xml.Correct_Password -->
    </test> <!-- Correct_Password -->
    <test name="Correct_Username" duration-ms="13773" started-at="2020-09-29T06:07:27Z" finished-at="2020-09-29T06:07:41Z">
      <class name="Login_Parameter_xml.Correct_Username">
        <test-method status="PASS" signature="login_Correct_Username(java.lang.String, java.lang.String)[pri:0, instance:Login_Parameter_xml.Correct_Username@3834d63f]" name="login_Correct_Username" duration-ms="13771" started-at="2020-09-29T11:37:27Z" finished-at="2020-09-29T11:37:41Z">
          <params>
            <param index="0">
              <value>
                <![CDATA[Admin]]>
              </value>
            </param>
            <param index="1">
              <value>
                <![CDATA[abc]]>
              </value>
            </param>
          </params>
          <reporter-output>
          </reporter-output>
        </test-method> <!-- login_Correct_Username -->
      </class> <!-- Login_Parameter_xml.Correct_Username -->
    </test> <!-- Correct_Username -->
    <test name="Both_correct" duration-ms="19507" started-at="2020-09-29T06:07:41Z" finished-at="2020-09-29T06:08:00Z">
      <class name="Login_Parameter_xml.Both_correct">
        <test-method status="PASS" signature="login_Both_correct(java.lang.String, java.lang.String)[pri:0, instance:Login_Parameter_xml.Both_correct@7907ec20]" name="login_Both_correct" duration-ms="19500" started-at="2020-09-29T11:37:41Z" finished-at="2020-09-29T11:38:00Z">
          <params>
            <param index="0">
              <value>
                <![CDATA[Admin]]>
              </value>
            </param>
            <param index="1">
              <value>
                <![CDATA[admin123]]>
              </value>
            </param>
          </params>
          <reporter-output>
          </reporter-output>
        </test-method> <!-- login_Both_correct -->
      </class> <!-- Login_Parameter_xml.Both_correct -->
    </test> <!-- Both_correct -->
    <test name="Both_Incorrect" duration-ms="15910" started-at="2020-09-29T06:08:00Z" finished-at="2020-09-29T06:08:16Z">
      <class name="Login_Parameter_xml.Both_Incorrect">
        <test-method status="PASS" signature="login_Both_Incorrect(java.lang.String, java.lang.String)[pri:0, instance:Login_Parameter_xml.Both_Incorrect@2aaf7cc2]" name="login_Both_Incorrect" duration-ms="15909" started-at="2020-09-29T11:38:00Z" finished-at="2020-09-29T11:38:16Z">
          <params>
            <param index="0">
              <value>
                <![CDATA[abc]]>
              </value>
            </param>
            <param index="1">
              <value>
                <![CDATA[abc]]>
              </value>
            </param>
          </params>
          <reporter-output>
          </reporter-output>
        </test-method> <!-- login_Both_Incorrect -->
      </class> <!-- Login_Parameter_xml.Both_Incorrect -->
    </test> <!-- Both_Incorrect -->
  </suite> <!-- Login suite -->
</testng-results>
