<?xml version="1.0" encoding="UTF-8"?>
<!-- Generated by org.testng.reporters.JUnitXMLReporter -->
<testsuite hostname="BLR1-LTBPKSX52" name="Default test" tests="3" failures="0" timestamp="28 Sep 2020 19:35:40 GMT" time="0.165" errors="0">
  <testcase name="Test" time="0.012" classname="Basic.Annotation_Hierarchy_Example"/>
  <testcase name="Test_1" time="0.004" classname="Basic.Annotation_Hierarchy_Example"/>
  <testcase name="Test_2" time="0.0" classname="Basic.Annotation_Hierarchy_Example"/>
</testsuite> <!-- Default test -->
