<?xml version="1.0" encoding="UTF-8"?>
<!-- Generated by org.testng.reporters.JUnitXMLReporter -->
<testsuite hostname="BLR1-LTBPKSX52" name="Testcase_Login_DataProvider_JXL" tests="4" failures="0" timestamp="9 May 2019 16:15:53 GMT" time="90.92" errors="0">
  <testcase name="Login_App_Dataprovider" time="24.573" classname="Login_Dataprovider_JXL.Login_DataProvider_JXL"/>
  <testcase name="Login_App_Dataprovider" time="23.173" classname="Login_Dataprovider_JXL.Login_DataProvider_JXL"/>
  <testcase name="Login_App_Dataprovider" time="20.648" classname="Login_Dataprovider_JXL.Login_DataProvider_JXL"/>
  <testcase name="Login_App_Dataprovider" time="22.303" classname="Login_Dataprovider_JXL.Login_DataProvider_JXL"/>
</testsuite> <!-- Testcase_Login_DataProvider_JXL -->
